<?xml version='1.0' encoding='UTF-8' ?>
<testsuite name="com.example.mecatec.ExampleInstrumentedTest" tests="1" failures="0" errors="0" skipped="0" time="4.264" timestamp="2022-10-20T01:36:25" hostname="localhost">
  <properties>
    <property name="device" value="Pixel_3_API_26(AVD) - 8.0.0" />
    <property name="flavor" value="" />
    <property name="project" value=":app" />
  </properties>
  <testcase name="useAppContext" classname="com.example.mecatec.ExampleInstrumentedTest" time="0.02" />
</testsuite>